Tournament size: 5
Tasks: 78
step == 0
best: fitness (finish): 547
step == 1
best: fitness (finish): 547
step == 2
best: fitness (finish): 546
step == 3
best: fitness (finish): 527
step == 4
best: fitness (finish): 533
step == 5
best: fitness (finish): 515
step == 6
best: fitness (finish): 515
step == 7
best: fitness (finish): 506
step == 8
best: fitness (finish): 506
step == 9
best: fitness (finish): 494
step == 10
best: fitness (finish): 491
step == 11
best: fitness (finish): 489
step == 12
best: fitness (finish): 463
step == 13
best: fitness (finish): 463
step == 14
best: fitness (finish): 446
step == 15
best: fitness (finish): 446
step == 16
best: fitness (finish): 442
step == 17
best: fitness (finish): 446
step == 18
best: fitness (finish): 438
step == 19
best: fitness (finish): 438
step == 20
best: fitness (finish): 438
step == 21
best: fitness (finish): 438
step == 22
best: fitness (finish): 432
step == 23
best: fitness (finish): 427
step == 24
best: fitness (finish): 426
step == 25
best: fitness (finish): 426
step == 26
best: fitness (finish): 426
step == 27
best: fitness (finish): 423
step == 28
best: fitness (finish): 423
step == 29
best: fitness (finish): 423
step == 30
best: fitness (finish): 423
step == 31
best: fitness (finish): 423
step == 32
best: fitness (finish): 423
step == 33
best: fitness (finish): 423
step == 34
best: fitness (finish): 423
step == 35
best: fitness (finish): 423
step == 36
best: fitness (finish): 420
step == 37
best: fitness (finish): 423
step == 38
best: fitness (finish): 423
step == 39
best: fitness (finish): 423
step == 40
best: fitness (finish): 423
step == 41
best: fitness (finish): 423
step == 42
best: fitness (finish): 423
step == 43
best: fitness (finish): 423
step == 44
best: fitness (finish): 423
step == 45
best: fitness (finish): 423
step == 46
best: fitness (finish): 423
step == 47
best: fitness (finish): 423
step == 48
best: fitness (finish): 423
step == 49
best: fitness (finish): 423
step == 50
best: fitness (finish): 423
step == 51
best: fitness (finish): 423
step == 52
best: fitness (finish): 423
step == 53
best: fitness (finish): 423
step == 54
best: fitness (finish): 420
step == 55
best: fitness (finish): 420
step == 56
best: fitness (finish): 420
step == 57
best: fitness (finish): 420
step == 58
best: fitness (finish): 420
step == 59
best: fitness (finish): 416
step == 60
best: fitness (finish): 416
step == 61
best: fitness (finish): 416
step == 62
best: fitness (finish): 416
step == 63
best: fitness (finish): 416
step == 64
best: fitness (finish): 416
step == 65
best: fitness (finish): 416
step == 66
best: fitness (finish): 416
step == 67
best: fitness (finish): 416
step == 68
best: fitness (finish): 416
step == 69
best: fitness (finish): 416
step == 70
best: fitness (finish): 416
step == 71
best: fitness (finish): 416
step == 72
best: fitness (finish): 416
step == 73
best: fitness (finish): 416
step == 74
best: fitness (finish): 416
step == 75
best: fitness (finish): 416
step == 76
best: fitness (finish): 416
step == 77
best: fitness (finish): 416
step == 78
best: fitness (finish): 416
step == 79
best: fitness (finish): 416
step == 80
best: fitness (finish): 416
step == 81
best: fitness (finish): 416
step == 82
best: fitness (finish): 416
step == 83
best: fitness (finish): 416
step == 84
best: fitness (finish): 416
step == 85
best: fitness (finish): 416
step == 86
best: fitness (finish): 416
step == 87
best: fitness (finish): 416
step == 88
best: fitness (finish): 416
step == 89
best: fitness (finish): 416
step == 90
best: fitness (finish): 416
step == 91
best: fitness (finish): 416
step == 92
best: fitness (finish): 416
step == 93
best: fitness (finish): 416
step == 94
best: fitness (finish): 416
step == 95
best: fitness (finish): 416
step == 96
best: fitness (finish): 416
step == 97
best: fitness (finish): 416
step == 98
best: fitness (finish): 416
step == 99
best: fitness (finish): 416
step == 100
best: fitness (finish): 416
step == 101
best: fitness (finish): 416
step == 102
best: fitness (finish): 416
step == 103
best: fitness (finish): 416
step == 104
best: fitness (finish): 415
step == 105
best: fitness (finish): 415
step == 106
best: fitness (finish): 415
step == 107
best: fitness (finish): 415
step == 108
best: fitness (finish): 415
step == 109
best: fitness (finish): 415
step == 110
best: fitness (finish): 415
step == 111
best: fitness (finish): 415
step == 112
best: fitness (finish): 415
step == 113
best: fitness (finish): 415
step == 114
best: fitness (finish): 415
step == 115
best: fitness (finish): 415
step == 116
best: fitness (finish): 415
step == 117
best: fitness (finish): 415
step == 118
best: fitness (finish): 415
step == 119
best: fitness (finish): 415
step == 120
best: fitness (finish): 415
step == 121
best: fitness (finish): 415
step == 122
best: fitness (finish): 415
step == 123
best: fitness (finish): 415
step == 124
best: fitness (finish): 415
step == 125
best: fitness (finish): 415
step == 126
best: fitness (finish): 415
step == 127
best: fitness (finish): 415
step == 128
best: fitness (finish): 415
step == 129
best: fitness (finish): 415
step == 130
best: fitness (finish): 415
step == 131
best: fitness (finish): 415
step == 132
best: fitness (finish): 415
step == 133
best: fitness (finish): 415
step == 134
best: fitness (finish): 415
step == 135
best: fitness (finish): 415
step == 136
best: fitness (finish): 415
step == 137
best: fitness (finish): 415
step == 138
best: fitness (finish): 415
step == 139
best: fitness (finish): 415
step == 140
best: fitness (finish): 415
step == 141
best: fitness (finish): 415
step == 142
best: fitness (finish): 415
step == 143
best: fitness (finish): 415
step == 144
best: fitness (finish): 415
step == 145
best: fitness (finish): 415
step == 146
best: fitness (finish): 415
step == 147
best: fitness (finish): 415
step == 148
best: fitness (finish): 415
step == 149
best: fitness (finish): 415
step == 150
best: fitness (finish): 415
step == 151
best: fitness (finish): 415
step == 152
best: fitness (finish): 415
step == 153
best: fitness (finish): 415
step == 154
best: fitness (finish): 414
step == 155
best: fitness (finish): 414
step == 156
best: fitness (finish): 414
step == 157
best: fitness (finish): 414
step == 158
best: fitness (finish): 414
step == 159
best: fitness (finish): 414
step == 160
best: fitness (finish): 414
step == 161
best: fitness (finish): 414
step == 162
best: fitness (finish): 414
step == 163
best: fitness (finish): 414
step == 164
best: fitness (finish): 414
step == 165
best: fitness (finish): 414
step == 166
best: fitness (finish): 414
step == 167
best: fitness (finish): 414
step == 168
best: fitness (finish): 414
step == 169
best: fitness (finish): 414
step == 170
best: fitness (finish): 414
step == 171
best: fitness (finish): 414
step == 172
best: fitness (finish): 414
step == 173
best: fitness (finish): 414
step == 174
best: fitness (finish): 414
step == 175
best: fitness (finish): 414
step == 176
best: fitness (finish): 414
step == 177
best: fitness (finish): 414
step == 178
best: fitness (finish): 414
step == 179
best: fitness (finish): 414
step == 180
best: fitness (finish): 414
step == 181
best: fitness (finish): 414
step == 182
best: fitness (finish): 414
step == 183
best: fitness (finish): 414
step == 184
best: fitness (finish): 414
step == 185
best: fitness (finish): 414
step == 186
best: fitness (finish): 414
step == 187
best: fitness (finish): 414
step == 188
best: fitness (finish): 414
step == 189
best: fitness (finish): 412
step == 190
best: fitness (finish): 412
step == 191
best: fitness (finish): 412
step == 192
best: fitness (finish): 412
step == 193
best: fitness (finish): 412
step == 194
best: fitness (finish): 412
step == 195
best: fitness (finish): 412
step == 196
best: fitness (finish): 412
step == 197
best: fitness (finish): 412
step == 198
best: fitness (finish): 412
step == 199
best: fitness (finish): 412
SOLUTION: fitness (finish): 412
i = 0, n = 78
ires[0] = 2
tasks[0] = 54096
tasks[0]->res_size() = 3
i = 1, n = 78
ires[1] = 1
tasks[1] = 54032
tasks[1]->res_size() = 2
i = 2, n = 78
ires[2] = 0
tasks[2] = 53968
tasks[2]->res_size() = 2
i = 3, n = 78
ires[3] = 0
tasks[3] = 53904
tasks[3]->res_size() = 2
i = 4, n = 78
ires[4] = 0
tasks[4] = 53840
tasks[4]->res_size() = 5
i = 5, n = 78
ires[5] = 3
tasks[5] = 53776
tasks[5]->res_size() = 4
i = 6, n = 78
ires[6] = 0
tasks[6] = 53712
tasks[6]->res_size() = 4
i = 7, n = 78
ires[7] = 2
tasks[7] = 53648
tasks[7]->res_size() = 3
i = 8, n = 78
ires[8] = 0
tasks[8] = 53584
tasks[8]->res_size() = 1
i = 9, n = 78
ires[9] = 3
tasks[9] = 53520
tasks[9]->res_size() = 5
i = 10, n = 78
ires[10] = 0
tasks[10] = 53456
tasks[10]->res_size() = 2
i = 11, n = 78
ires[11] = 0
tasks[11] = 53392
tasks[11]->res_size() = 2
i = 12, n = 78
ires[12] = 0
tasks[12] = 53328
tasks[12]->res_size() = 2
i = 13, n = 78
ires[13] = 0
tasks[13] = 53264
tasks[13]->res_size() = 1
i = 14, n = 78
ires[14] = 0
tasks[14] = 53200
tasks[14]->res_size() = 1
i = 15, n = 78
ires[15] = 0
tasks[15] = 53136
tasks[15]->res_size() = 2
i = 16, n = 78
ires[16] = 0
tasks[16] = 53072
tasks[16]->res_size() = 5
i = 17, n = 78
ires[17] = 0
tasks[17] = 53008
tasks[17]->res_size() = 5
i = 18, n = 78
ires[18] = 2
tasks[18] = 52944
tasks[18]->res_size() = 3
i = 19, n = 78
ires[19] = 0
tasks[19] = 52880
tasks[19]->res_size() = 3
i = 20, n = 78
ires[20] = 2
tasks[20] = 52816
tasks[20]->res_size() = 5
i = 21, n = 78
ires[21] = 0
tasks[21] = 52752
tasks[21]->res_size() = 1
i = 22, n = 78
ires[22] = 0
tasks[22] = 52688
tasks[22]->res_size() = 2
i = 23, n = 78
ires[23] = 0
tasks[23] = 52624
tasks[23]->res_size() = 1
i = 24, n = 78
ires[24] = 0
tasks[24] = 52560
tasks[24]->res_size() = 4
i = 25, n = 78
ires[25] = 0
tasks[25] = 52496
tasks[25]->res_size() = 5
i = 26, n = 78
ires[26] = 3
tasks[26] = 52432
tasks[26]->res_size() = 5
i = 27, n = 78
ires[27] = 1
tasks[27] = 52368
tasks[27]->res_size() = 2
i = 28, n = 78
ires[28] = 2
tasks[28] = 52304
tasks[28]->res_size() = 5
i = 29, n = 78
ires[29] = 0
tasks[29] = 52240
tasks[29]->res_size() = 2
i = 30, n = 78
ires[30] = 0
tasks[30] = 52176
tasks[30]->res_size() = 1
i = 31, n = 78
ires[31] = 4
tasks[31] = 52112
tasks[31]->res_size() = 5
i = 32, n = 78
ires[32] = 1
tasks[32] = 52048
tasks[32]->res_size() = 2
i = 33, n = 78
ires[33] = 1
tasks[33] = 51984
tasks[33]->res_size() = 3
i = 34, n = 78
ires[34] = 2
tasks[34] = 51920
tasks[34]->res_size() = 3
i = 35, n = 78
ires[35] = 0
tasks[35] = 51856
tasks[35]->res_size() = 2
i = 36, n = 78
ires[36] = 1
tasks[36] = 51792
tasks[36]->res_size() = 2
i = 37, n = 78
ires[37] = 1
tasks[37] = 51728
tasks[37]->res_size() = 3
i = 38, n = 78
ires[38] = 1
tasks[38] = 51664
tasks[38]->res_size() = 3
i = 39, n = 78
ires[39] = 2
tasks[39] = 51600
tasks[39]->res_size() = 3
i = 40, n = 78
ires[40] = 2
tasks[40] = 51536
tasks[40]->res_size() = 4
i = 41, n = 78
ires[41] = 1
tasks[41] = 51472
tasks[41]->res_size() = 2
i = 42, n = 78
ires[42] = 0
tasks[42] = 51408
tasks[42]->res_size() = 3
i = 43, n = 78
ires[43] = 2
tasks[43] = 51344
tasks[43]->res_size() = 4
i = 44, n = 78
ires[44] = 0
tasks[44] = 51280
tasks[44]->res_size() = 2
i = 45, n = 78
ires[45] = 1
tasks[45] = 51216
tasks[45]->res_size() = 2
i = 46, n = 78
ires[46] = 0
tasks[46] = 51152
tasks[46]->res_size() = 2
i = 47, n = 78
ires[47] = 1
tasks[47] = 51088
tasks[47]->res_size() = 2
i = 48, n = 78
ires[48] = 1
tasks[48] = 51024
tasks[48]->res_size() = 2
i = 49, n = 78
ires[49] = 0
tasks[49] = 50960
tasks[49]->res_size() = 2
i = 50, n = 78
ires[50] = 0
tasks[50] = 50896
tasks[50]->res_size() = 4
i = 51, n = 78
ires[51] = 1
tasks[51] = 50832
tasks[51]->res_size() = 2
i = 52, n = 78
ires[52] = 3
tasks[52] = 50768
tasks[52]->res_size() = 5
i = 53, n = 78
ires[53] = 1
tasks[53] = 50704
tasks[53]->res_size() = 2
i = 54, n = 78
ires[54] = 0
tasks[54] = 50640
tasks[54]->res_size() = 2
i = 55, n = 78
ires[55] = 2
tasks[55] = 50576
tasks[55]->res_size() = 5
i = 56, n = 78
ires[56] = 0
tasks[56] = 50512
tasks[56]->res_size() = 5
i = 57, n = 78
ires[57] = 0
tasks[57] = 50448
tasks[57]->res_size() = 1
i = 58, n = 78
ires[58] = 0
tasks[58] = 50384
tasks[58]->res_size() = 1
i = 59, n = 78
ires[59] = 0
tasks[59] = 50320
tasks[59]->res_size() = 2
i = 60, n = 78
ires[60] = 1
tasks[60] = 50256
tasks[60]->res_size() = 2
i = 61, n = 78
ires[61] = 1
tasks[61] = 50192
tasks[61]->res_size() = 2
i = 62, n = 78
ires[62] = 0
tasks[62] = 50128
tasks[62]->res_size() = 4
i = 63, n = 78
ires[63] = 3
tasks[63] = 50064
tasks[63]->res_size() = 5
i = 64, n = 78
ires[64] = 1
tasks[64] = 50000
tasks[64]->res_size() = 2
i = 65, n = 78
ires[65] = 0
tasks[65] = 49936
tasks[65]->res_size() = 5
i = 66, n = 78
ires[66] = 1
tasks[66] = 49872
tasks[66]->res_size() = 4
i = 67, n = 78
ires[67] = 0
tasks[67] = 49808
tasks[67]->res_size() = 4
i = 68, n = 78
ires[68] = 0
tasks[68] = 49744
tasks[68]->res_size() = 2
i = 69, n = 78
ires[69] = 0
tasks[69] = 49680
tasks[69]->res_size() = 2
i = 70, n = 78
ires[70] = 0
tasks[70] = 49616
tasks[70]->res_size() = 2
i = 71, n = 78
ires[71] = 1
tasks[71] = 49552
tasks[71]->res_size() = 2
i = 72, n = 78
ires[72] = 2
tasks[72] = 49488
tasks[72]->res_size() = 4
i = 73, n = 78
ires[73] = 0
tasks[73] = 49424
tasks[73]->res_size() = 1
i = 74, n = 78
ires[74] = 0
tasks[74] = 49360
tasks[74]->res_size() = 5
i = 75, n = 78
ires[75] = 2
tasks[75] = 49296
tasks[75]->res_size() = 3
i = 76, n = 78
ires[76] = 0
tasks[76] = 49232
tasks[76]->res_size() = 4
i = 77, n = 78
ires[77] = 2
tasks[77] = 49168
tasks[77]->res_size() = 4
